Arguments: 
  /home/vagrant/.nvm/versions/node/v10.20.1/bin/node /home/vagrant/.nvm/versions/node/v10.20.1/bin/yarn add request

PATH: 
  /home/vagrant/bin:/home/vagrant/.local/bin:/home/vagrant/.nvm/versions/node/v10.20.1/bin:/home/vagrant/.rvm/gems/ruby-2.3.5/bin:/home/vagrant/.rvm/gems/ruby-2.3.5@global/bin:/home/vagrant/.rvm/rubies/ruby-2.3.5/bin:/usr/local/sbin:/usr/local/bin:/usr/sbin:/usr/bin:/sbin:/bin:/usr/games:/usr/local/games:/home/vagrant/.rvm/bin:/home/vagrant/.rvm/bin

Yarn version: 
  1.22.4

Node version: 
  10.20.1

Platform: 
  linux x64

Trace: 
  Error: EPROTO: protocol error, symlink '../../../sshpk/bin/sshpk-conv' -> '/vagrant/w2/d4-api/json_the_cat/node_modules/http-signature/node_modules/.bin/sshpk-conv'

npm manifest: 
  {
    "name": "json_the_cat",
    "version": "1.0.0",
    "description": "",
    "main": "breedFetcher.js",
    "scripts": {
      "test": "mocha"
    },
    "repository": {
      "type": "git",
      "url": "git+https://github.com/NB-famous/json_the_cat.git"
    },
    "keywords": [],
    "author": "",
    "license": "ISC",
    "bugs": {
      "url": "https://github.com/NB-famous/json_the_cat/issues"
    },
    "homepage": "https://github.com/NB-famous/json_the_cat#readme"
  }

yarn manifest: 
  No manifest

Lockfile: 
  No lockfile
